====================================
Compilando com TILE=4
====================================
Executando TILE=4...
====================================
Compilando com TILE=8
====================================
Executando TILE=8...
====================================
Compilando com TILE=16
====================================
Executando TILE=16...
====================================
Compilando com TILE=32
====================================
Executando TILE=32...
====================================
Compilando com TILE=64
====================================
Executando TILE=64...
====================================
Compilando com TILE=128
====================================
Executando TILE=128...
====================================
Experimento finalizado
Resultados em: results_tiles.csv
====================================
